<?xml version="1.0" encoding="UTF-8"?>
<!-- Generated by org.testng.reporters.JUnitReportReporter -->
<testsuite hostname="RAMKUMAR" failures="0" tests="1" name="tests.HomePageTest" time="16.749" errors="0" timestamp="2025-02-17T16:18:33 IST" skipped="0">
  <testcase classname="tests.HomePageTest" name="testYahooFinance" time="16.749"/>
  <system-out/>
</testsuite> <!-- tests.HomePageTest -->
